\BOOKMARK [1][-]{section.1}{Introduction}{}% 1
\BOOKMARK [1][-]{section.2}{Implementation alternatives}{}% 2
\BOOKMARK [2][-]{subsection.2.1}{Mechanical KERS}{section.2}% 3
\BOOKMARK [3][-]{subsubsection.2.1.1}{Architecture and working principle}{subsection.2.1}% 4
\BOOKMARK [3][-]{subsubsection.2.1.2}{Advantages, disadvantages and fields of application}{subsection.2.1}% 5
\BOOKMARK [2][-]{subsection.2.2}{Electric KERS}{section.2}% 6
\BOOKMARK [3][-]{subsubsection.2.2.1}{Architecture and working principle}{subsection.2.2}% 7
\BOOKMARK [3][-]{subsubsection.2.2.2}{Advantages, disadvantages and fields of application}{subsection.2.2}% 8
\BOOKMARK [2][-]{subsection.2.3}{Hydraulic KERS: Series Hydraulic Hybrid systems}{section.2}% 9
\BOOKMARK [3][-]{subsubsection.2.3.1}{Architecture and working principle}{subsection.2.3}% 10
\BOOKMARK [3][-]{subsubsection.2.3.2}{Advantages, disadvantages and fields of application}{subsection.2.3}% 11
\BOOKMARK [2][-]{subsection.2.4}{Hydro-electric KERS}{section.2}% 12
\BOOKMARK [3][-]{subsubsection.2.4.1}{Architecture and working principle}{subsection.2.4}% 13
\BOOKMARK [3][-]{subsubsection.2.4.2}{Advantages, disadvantages and fields of application}{subsection.2.4}% 14
\BOOKMARK [1][-]{section.3}{Flybrid's KERS system}{}% 15
\BOOKMARK [1][-]{section.4}{MKERS model}{}% 16
\BOOKMARK [2][-]{subsection.4.1}{Equivalent model}{section.4}% 17
\BOOKMARK [1][-]{section.5}{Static analysis}{}% 18
\BOOKMARK [2][-]{subsection.5.1}{KERS discharge}{section.5}% 19
\BOOKMARK [2][-]{subsection.5.2}{KERS charge}{section.5}% 20
\BOOKMARK [1][-]{section.6}{Dynamic analysis}{}% 21
\BOOKMARK [2][-]{subsection.6.1}{Lagrangian mechanics}{section.6}% 22
\BOOKMARK [2][-]{subsection.6.2}{KERS dynamics}{section.6}% 23
\BOOKMARK [3][-]{subsubsection.6.2.1}{KERS charge}{subsection.6.2}% 24
\BOOKMARK [3][-]{subsubsection.6.2.2}{KERS Discharge}{subsection.6.2}% 25
\BOOKMARK [1][-]{section.7}{Simulation and Results}{}% 26
\BOOKMARK [2][-]{subsection.7.1}{KERS charge}{section.7}% 27
\BOOKMARK [3][-]{subsubsection.7.1.1}{KERS charge comparison}{subsection.7.1}% 28
\BOOKMARK [2][-]{subsection.7.2}{KERS Discharge}{section.7}% 29
